
> music-player@0.1.0 dev
> next dev

  ▲ Next.js 14.2.35
  - Local:        http://localhost:3000
  - Environments: .env

 ✓ Starting...
 ✓ Ready in 3.6s
 ○ Compiling /src/middleware ...
 ✓ Compiled /src/middleware in 2.7s (174 modules)
 ○ Compiling /secret-admin/users ...
 ✓ Compiled /secret-admin/users in 7.5s (718 modules)
 ✓ Compiled in 919ms (332 modules)
 GET /secret-admin/users 200 in 8561ms
 ○ Compiling /api/auth/[...nextauth] ...
 ✓ Compiled /secret-admin/tracks in 5.3s (599 modules)
 ✓ Compiled in 453ms (322 modules)
 ⚠ Fast Refresh had to perform a full reload. Read more: https://nextjs.org/docs/messages/fast-refresh-reload
 GET /secret-admin/tracks 200 in 4299ms
 POST /api/auth/_log 200 in 5893ms
 POST /api/auth/_log 200 in 5894ms
[next-auth][warn][NEXTAUTH_URL]
https://next-auth.js.org/warnings#nextauth_url
 GET /secret-admin/users 200 in 75ms
 GET /api/auth/session 200 in 68ms
 GET /api/auth/session 200 in 66ms
 ○ Compiling /api/admin/users ...
 ✓ Compiled /api/admin/users in 582ms (630 modules)
 GET /api/admin/users 200 in 731ms
 GET /api/admin/users 200 in 732ms
 GET /secret-admin/tracks 200 in 159ms
[next-auth][warn][NEXTAUTH_URL]
https://next-auth.js.org/warnings#nextauth_url
 GET /api/auth/session 200 in 103ms
 GET /api/auth/session 200 in 101ms
 ✓ Compiled /api/admin/artists in 329ms (633 modules)
 ✓ Compiled (635 modules)
 GET /api/admin/tracks 200 in 711ms
 GET /api/admin/tracks 200 in 714ms
 GET /api/admin/artists 200 in 715ms
 GET /api/admin/artists 200 in 716ms
 ⚠ Found a change in next.config.mjs. Restarting the server to apply the changes...
  ▲ Next.js 14.2.35
  - Local:        http://localhost:3000
  - Environments: .env

 ✓ Starting...
 ✓ Ready in 6s
 ○ Compiling /src/middleware ...
 ✓ Compiled /src/middleware in 1194ms (174 modules)
